{"name": "test_method5", "status": "skipped", "statusDetails": {"message": "AssertionError: assert 7 < 6", "trace": "@pytest.mark.xfail\n    def test_method5():\n>       assert 7 < 6\nE       assert 7 < 6\n\ntest_script1.py:21: AssertionError"}, "start": 1606054813500, "stop": 1606054813508, "uuid": "70f05979-7168-4887-b022-49ab9fc9bdfd", "historyId": "f82237b564d3a9e2baf45a616de107b3", "testCaseId": "f033c22673c681b32b8b6aa8f8da60ad", "fullName": "pytest_chapter14.test_script1#test_method5", "labels": [{"name": "tag", "value": "@pytest.mark.xfail"}, {"name": "parentSuite", "value": "pytest_chapter14"}, {"name": "suite", "value": "test_script1"}, {"name": "host", "value": "jasondeMacBook-Pro.local"}, {"name": "thread", "value": "3049-MainThread"}, {"name": "framework", "value": "pytest"}, {"name": "language", "value": "cpython3"}, {"name": "package", "value": "pytest_chapter14.test_script1"}]}