{"name": "test_method1", "status": "failed", "statusDetails": {"message": "AssertionError: assert 3 == 2", "trace": "@pytest.mark.regression\n    def test_method1():\n>       assert 3 ==2\nE       assert 3 == 2\n\ntest_script1.py:5: AssertionError"}, "start": 1606054813444, "stop": 1606054813445, "uuid": "d77db1e5-e293-431b-b65e-e78ab789ee98", "historyId": "1ce79bb22a9234ba8d35b4d35cc3a1da", "testCaseId": "4863a8e22f613ffa73fcca7b3d1996df", "fullName": "pytest_chapter14.test_script1#test_method1", "labels": [{"name": "tag", "value": "regression"}, {"name": "parentSuite", "value": "pytest_chapter14"}, {"name": "suite", "value": "test_script1"}, {"name": "host", "value": "jasondeMacBook-Pro.local"}, {"name": "thread", "value": "3049-MainThread"}, {"name": "framework", "value": "pytest"}, {"name": "language", "value": "cpython3"}, {"name": "package", "value": "pytest_chapter14.test_script1"}]}