{"name": "test_method1", "status": "failed", "statusDetails": {"message": "AssertionError: assert 3 == 2", "trace": "@pytest.mark.regression\n    def test_method1():\n>       assert 3 ==2\nE       assert 3 == 2\n\ntest_script1.py:5: AssertionError"}, "start": 1606054983650, "stop": 1606054983650, "uuid": "0bac7754-469f-45a3-91d0-f0f553e9cf1b", "historyId": "de69319310edf1f8e4b7f087cf9836d8", "testCaseId": "f1e4df993156ba82ba7a125ba07489bd", "fullName": "pytest_chpater15.test_script1#test_method1", "labels": [{"name": "tag", "value": "regression"}, {"name": "parentSuite", "value": "pytest_chpater15"}, {"name": "suite", "value": "test_script1"}, {"name": "host", "value": "jasondeMacBook-Pro.local"}, {"name": "thread", "value": "3091-MainThread"}, {"name": "framework", "value": "pytest"}, {"name": "language", "value": "cpython3"}, {"name": "package", "value": "pytest_chpater15.test_script1"}]}