{"name": "test_method5", "status": "skipped", "statusDetails": {"message": "AssertionError: assert 7 < 6", "trace": "@pytest.mark.xfail\n    def test_method5():\n>       assert 7 < 6\nE       assert 7 < 6\n\ntest_script1.py:21: AssertionError"}, "start": 1606054983692, "stop": 1606054983692, "uuid": "c5ad7f75-f6c6-4514-9494-bf00ba5bb827", "historyId": "de42221bf32992e56dc9095503264b1a", "testCaseId": "81e777c18c1c0d6eb7709fd0d5815f04", "fullName": "pytest_chpater15.test_script1#test_method5", "labels": [{"name": "tag", "value": "@pytest.mark.xfail"}, {"name": "parentSuite", "value": "pytest_chpater15"}, {"name": "suite", "value": "test_script1"}, {"name": "host", "value": "jasondeMacBook-Pro.local"}, {"name": "thread", "value": "3091-MainThread"}, {"name": "framework", "value": "pytest"}, {"name": "language", "value": "cpython3"}, {"name": "package", "value": "pytest_chpater15.test_script1"}]}